<?xml version="1.0" encoding="UTF-8"?>
<!-- Generated by org.testng.reporters.JUnitReportReporter -->
<testsuite hostname="DESKTOP-VRBAL0D" failures="0" tests="1" name="com.excelr.testcases.LoginPageTest" time="16.987" errors="0" timestamp="2022-11-13T12:44:52 IST" skipped="0">
  <testcase classname="com.excelr.testcases.LoginPageTest" name="validateLoginTest" time="16.987"/>
  <system-out/>
</testsuite> <!-- com.excelr.testcases.LoginPageTest -->
